<?xml version="1.0" encoding="UTF-8" ?>
<testsuite tests="6" failures="0" name="iPayedAppiumFramework.dummyPackage.TestclassBase" time="156.134" errors="0" skipped="0">
  <properties>
    <property name="java.runtime.name" value="Java(TM) SE Runtime Environment"/>
    <property name="java.vm.version" value="11.0.2+9-LTS"/>
    <property name="sun.boot.library.path" value="C:\Program Files\Java\jdk-11.0.2\bin"/>
    <property name="maven.multiModuleProjectDirectory" value="D:\Selenium\iPayedAppiumFramework"/>
    <property name="java.vm.vendor" value="Oracle Corporation"/>
    <property name="java.vendor.url" value="http://java.oracle.com/"/>
    <property name="guice.disable.misplaced.annotation.check" value="true"/>
    <property name="path.separator" value=";"/>
    <property name="java.vm.name" value="Java HotSpot(TM) 64-Bit Server VM"/>
    <property name="sun.os.patch.level" value=""/>
    <property name="user.script" value=""/>
    <property name="user.country" value="IN"/>
    <property name="sun.java.launcher" value="SUN_STANDARD"/>
    <property name="java.vm.specification.name" value="Java Virtual Machine Specification"/>
    <property name="user.dir" value="D:\Selenium\iPayedAppiumFramework"/>
    <property name="java.vm.compressedOopsMode" value="Zero based"/>
    <property name="java.runtime.version" value="11.0.2+9-LTS"/>
    <property name="java.awt.graphicsenv" value="sun.awt.Win32GraphicsEnvironment"/>
    <property name="os.arch" value="amd64"/>
    <property name="java.io.tmpdir" value="C:\Users\MOBILE~1\AppData\Local\Temp\"/>
    <property name="line.separator" value="
"/>
    <property name="java.vm.specification.vendor" value="Oracle Corporation"/>
    <property name="user.variant" value=""/>
    <property name="os.name" value="Windows 10"/>
    <property name="classworlds.conf" value="D:\Maven\apache-maven-3.6.3-bin\apache-maven-3.6.3\bin\..\bin\m2.conf"/>
    <property name="sun.jnu.encoding" value="Cp1252"/>
    <property name="java.library.path" value="C:\Program Files\Java\jdk-11.0.2\bin;C:\Windows\Sun\Java\bin;C:\Windows\system32;C:\Windows;C:\Users\Mobile Programming\AppData\Local\Android\Sdk\platform-tools;C:\Windows\System32;C:\Users\Mobile Programming\AppData\Local\Microsoft\WindowsApps;C:\Program Files\Java\jdk-11.0.2\bin;C:\Program Files\Java\jre1.8.0_201\bin;C:\Users\Mobile Programming\Downloads\apache-maven-3.6.3-src\apache-maven-3.6.3\bin;C:\Program Files\Git\cmd;C:\Users\Mobile Programming\AppData\Local\Android\Sdk\tools\bin;C:\Users\Mobile Programming\AppData\Local\Android\Sdk\tools;C:\Program Files\nodejs\;C:\Program Files\nodejs\node_modules\npm\bin;D:\Maven\apache-maven-3.6.3-bin\apache-maven-3.6.3\bin;C:\Windows\System32;C:\Users\Mobile Programming\AppData\Local\Microsoft\WindowsApps;C:\Program Files\Java\jdk-11.0.2\bin;C:\Program Files\Java\jre1.8.0_201\bin;C:\Users\Mobile Programming\Downloads\apache-maven-3.6.3-src\apache-maven-3.6.3\bin;C:\Users\Mobile Programming\AppData\Local\Programs\Python\Python38-32;C:\Users\Mobile Programming\AppData\Local\Programs\Python\Python38-32\Scripts;C:\Users\Mobile Programming\AppData\Roaming\npm;C:\Users\Mobile Programming\AppData\Local\Programs\Fiddler;."/>
    <property name="maven.conf" value="D:\Maven\apache-maven-3.6.3-bin\apache-maven-3.6.3\bin\../conf"/>
    <property name="jdk.debug" value="release"/>
    <property name="java.class.version" value="55.0"/>
    <property name="java.specification.name" value="Java Platform API Specification"/>
    <property name="sun.management.compiler" value="HotSpot 64-Bit Tiered Compilers"/>
    <property name="os.version" value="10.0"/>
    <property name="library.jansi.path" value="D:\Maven\apache-maven-3.6.3-bin\apache-maven-3.6.3\bin\..\lib\jansi-native"/>
    <property name="user.home" value="C:\Users\Mobile Programming"/>
    <property name="user.timezone" value="Asia/Calcutta"/>
    <property name="java.awt.printerjob" value="sun.awt.windows.WPrinterJob"/>
    <property name="file.encoding" value="Cp1252"/>
    <property name="java.specification.version" value="11"/>
    <property name="user.name" value="Mobile Programming"/>
    <property name="java.class.path" value="D:\Maven\apache-maven-3.6.3-bin\apache-maven-3.6.3\bin\..\boot\plexus-classworlds-2.6.0.jar"/>
    <property name="java.vm.specification.version" value="11"/>
    <property name="sun.arch.data.model" value="64"/>
    <property name="sun.java.command" value="org.codehaus.plexus.classworlds.launcher.Launcher test"/>
    <property name="java.home" value="C:\Program Files\Java\jdk-11.0.2"/>
    <property name="user.language" value="en"/>
    <property name="java.specification.vendor" value="Oracle Corporation"/>
    <property name="awt.toolkit" value="sun.awt.windows.WToolkit"/>
    <property name="java.vm.info" value="mixed mode"/>
    <property name="java.version" value="11.0.2"/>
    <property name="java.vendor" value="Oracle Corporation"/>
    <property name="sun.stderr.encoding" value="cp437"/>
    <property name="maven.home" value="D:\Maven\apache-maven-3.6.3-bin\apache-maven-3.6.3\bin\.."/>
    <property name="file.separator" value="\"/>
    <property name="java.version.date" value="2019-01-15"/>
    <property name="java.vendor.url.bug" value="http://bugreport.java.com/bugreport/"/>
    <property name="sun.io.unicode.encoding" value="UnicodeLittle"/>
    <property name="sun.cpu.endian" value="little"/>
    <property name="java.vendor.version" value="18.9"/>
    <property name="sun.stdout.encoding" value="cp437"/>
    <property name="sun.desktop" value="windows"/>
    <property name="sun.cpu.isalist" value="amd64"/>
  </properties>
  <testcase classname="iPayedAppiumFramework.dummyPackage.TestclassBase" name="saveYourSpotAtEvent" time="25.602"/>
  <testcase classname="iPayedAppiumFramework.dummyPackage.TestclassBase" name="likeEventAndCheckUpcomingEventCount" time="14.145"/>
  <testcase classname="iPayedAppiumFramework.dummyPackage.TestclassBase" name="bookmarkEventCheckUpcomingEventCount" time="69.373"/>
  <testcase classname="iPayedAppiumFramework.dummyPackage.TestclassBase" name="giveUpYourSpot" time="14.94"/>
  <testcase classname="iPayedAppiumFramework.dummyPackage.TestclassBase" name="dislikeEvent" time="13.87"/>
  <testcase classname="iPayedAppiumFramework.dummyPackage.TestclassBase" name="unbookMarkEvent" time="18.204"/>
</testsuite>