<?xml version="1.0" encoding="UTF-8"?>
<!-- Generated by org.testng.reporters.JUnitReportReporter -->
<testsuite hostname="MP-LAP069" failures="0" tests="6" name="iPayedAppiumFramework.dummyPackage.TestclassBase" time="531.803" errors="0" timestamp="2020-05-19T16:00:39 IST" skipped="0">
  <testcase classname="iPayedAppiumFramework.dummyPackage.TestclassBase" name="saveYourSpotAtEvent" time="86.526"/>
  <system-out/>
  <testcase classname="iPayedAppiumFramework.dummyPackage.TestclassBase" name="likeEventAndCheckUpcomingEventCount" time="77.049"/>
  <system-out/>
  <testcase classname="iPayedAppiumFramework.dummyPackage.TestclassBase" name="bookmarkEventCheckUpcomingEventCount" time="133.549"/>
  <system-out/>
  <testcase classname="iPayedAppiumFramework.dummyPackage.TestclassBase" name="giveUpYourSpot" time="75.931"/>
  <system-out/>
  <testcase classname="iPayedAppiumFramework.dummyPackage.TestclassBase" name="dislikeEvent" time="79.138"/>
  <system-out/>
  <testcase classname="iPayedAppiumFramework.dummyPackage.TestclassBase" name="unbookMarkEvent" time="79.610"/>
  <system-out/>
</testsuite> <!-- iPayedAppiumFramework.dummyPackage.TestclassBase -->
